<?xml version="1.0" encoding="UTF-8"?>
<!-- Generated by org.testng.reporters.JUnitReportReporter -->
<testsuite hostname="LTIN679136" failures="0" tests="3" name="com.cognizant.makemytrip1.tests.MMTGiftCardTest" time="34.070" errors="0" timestamp="2025-11-06T21:32:55 IST" skipped="0">
  <testcase classname="com.cognizant.makemytrip1.tests.MMTGiftCardTest" name="runGiftCardTest_TC1" time="14.995"/>
  <testcase classname="com.cognizant.makemytrip1.tests.MMTGiftCardTest" name="runGiftCardTest_TC2" time="10.377"/>
  <testcase classname="com.cognizant.makemytrip1.tests.MMTGiftCardTest" name="runGiftCardTest_TC3" time="8.698"/>
</testsuite> <!-- com.cognizant.makemytrip1.tests.MMTGiftCardTest -->
