<?xml version="1.0" encoding="UTF-8"?>
<!-- Generated by org.testng.reporters.JUnitReportReporter -->
<testsuite hostname="LTIN679136" failures="0" tests="3" name="com.cognizant.makemytrip1.tests.MMTCarBookingTest" time="81.845" errors="0" timestamp="2025-11-06T21:32:55 IST" skipped="0">
  <testcase classname="com.cognizant.makemytrip1.tests.MMTCarBookingTest" name="cabSearch_TC1" time="33.209"/>
  <testcase classname="com.cognizant.makemytrip1.tests.MMTCarBookingTest" name="cabSearch_TC2" time="24.515"/>
  <testcase classname="com.cognizant.makemytrip1.tests.MMTCarBookingTest" name="cabSearch_TC3" time="24.121"/>
</testsuite> <!-- com.cognizant.makemytrip1.tests.MMTCarBookingTest -->
