<?xml version="1.0" encoding="UTF-8"?>
<!-- Generated by org.testng.reporters.JUnitXMLReporter -->
<testsuite ignored="4" hostname="LTIN679136" failures="0" tests="7" name="Surefire test" time="123.11" errors="0" timestamp="2025-11-06T21:32:46 IST">
  <testcase classname="com.cognizant.makemytrip1.tests.MMTCarBookingTest" name="cabSearch_TC1" time="33.209"/>
  <testcase classname="com.cognizant.makemytrip1.tests.MMTCarBookingTest" name="cabSearch_TC2" time="24.515"/>
  <testcase classname="com.cognizant.makemytrip1.tests.MMTCarBookingTest" name="cabSearch_TC3" time="24.121"/>
  <testcase classname="com.cognizant.makemytrip1.tests.MMTGiftCardTest" name="runGiftCardTest_TC1" time="14.995"/>
  <testcase classname="com.cognizant.makemytrip1.tests.MMTGiftCardTest" name="runGiftCardTest_TC2" time="10.377"/>
  <testcase classname="com.cognizant.makemytrip1.tests.MMTGiftCardTest" name="runGiftCardTest_TC3" time="8.698"/>
  <testcase classname="com.cognizant.makemytrip1.tests.MMTHotelBookingTest" name="hotelBooking_TC1" time="7.08"/>
  <testcase classname="com.cognizant.makemytrip1.base.Driver" name="@AfterSuite tearDown" time="0.0">
    <ignored/>
  </testcase> <!-- @AfterSuite tearDown -->
  <testcase classname="com.cognizant.makemytrip1.base.Driver" name="@AfterSuite tearDown" time="0.0">
    <ignored/>
  </testcase> <!-- @AfterSuite tearDown -->
  <testcase classname="com.cognizant.makemytrip1.base.Driver" name="@BeforeSuite setupDriver" time="0.0">
    <ignored/>
  </testcase> <!-- @BeforeSuite setupDriver -->
  <testcase classname="com.cognizant.makemytrip1.base.Driver" name="@BeforeSuite setupDriver" time="0.0">
    <ignored/>
  </testcase> <!-- @BeforeSuite setupDriver -->
</testsuite> <!-- Surefire test -->
