<?xml version="1.0" encoding="UTF-8"?>
<testng-results ignored="0" total="7" passed="7" failed="0" skipped="0">
  <reporter-output>
  </reporter-output>
  <suite started-at="2025-11-06T21:30:42 IST" name="Surefire suite" finished-at="2025-11-06T21:32:46 IST" duration-ms="123110">
    <groups>
    </groups>
    <test started-at="2025-11-06T21:30:42 IST" name="Surefire test" finished-at="2025-11-06T21:32:46 IST" duration-ms="123110">
      <class name="com.cognizant.makemytrip1.tests.MMTHotelBookingTest">
        <test-method signature="hotelBooking_TC1()[pri:1, instance:com.cognizant.makemytrip1.tests.MMTHotelBookingTest@130e116b]" started-at="2025-11-06T21:32:38 IST" name="hotelBooking_TC1" finished-at="2025-11-06T21:32:46 IST" duration-ms="7080" status="PASS">
          <reporter-output>
          </reporter-output>
        </test-method> <!-- hotelBooking_TC1 -->
      </class> <!-- com.cognizant.makemytrip1.tests.MMTHotelBookingTest -->
      <class name="com.cognizant.makemytrip1.tests.MMTCarBookingTest">
        <test-method is-config="true" signature="setupDriver()[pri:0, instance:com.cognizant.makemytrip1.tests.MMTCarBookingTest@1c93f6e1]" started-at="2025-11-06T21:30:35 IST" name="setupDriver" finished-at="2025-11-06T21:30:42 IST" duration-ms="7182" status="PASS">
          <reporter-output>
          </reporter-output>
        </test-method> <!-- setupDriver -->
        <test-method signature="cabSearch_TC1()[pri:1, instance:com.cognizant.makemytrip1.tests.MMTCarBookingTest@1c93f6e1]" started-at="2025-11-06T21:30:43 IST" name="cabSearch_TC1" finished-at="2025-11-06T21:31:16 IST" duration-ms="33209" status="PASS">
          <reporter-output>
          </reporter-output>
        </test-method> <!-- cabSearch_TC1 -->
        <test-method signature="cabSearch_TC2()[pri:2, instance:com.cognizant.makemytrip1.tests.MMTCarBookingTest@1c93f6e1]" started-at="2025-11-06T21:31:16 IST" name="cabSearch_TC2" finished-at="2025-11-06T21:31:40 IST" duration-ms="24515" status="PASS">
          <reporter-output>
          </reporter-output>
        </test-method> <!-- cabSearch_TC2 -->
        <test-method signature="cabSearch_TC3()[pri:3, instance:com.cognizant.makemytrip1.tests.MMTCarBookingTest@1c93f6e1]" started-at="2025-11-06T21:31:40 IST" name="cabSearch_TC3" finished-at="2025-11-06T21:32:04 IST" duration-ms="24121" status="PASS">
          <reporter-output>
          </reporter-output>
        </test-method> <!-- cabSearch_TC3 -->
        <test-method is-config="true" signature="tearDown()[pri:0, instance:com.cognizant.makemytrip1.tests.MMTCarBookingTest@1c93f6e1]" started-at="2025-11-06T21:32:46 IST" name="tearDown" finished-at="2025-11-06T21:32:55 IST" duration-ms="9479" status="PASS">
          <reporter-output>
          </reporter-output>
        </test-method> <!-- tearDown -->
      </class> <!-- com.cognizant.makemytrip1.tests.MMTCarBookingTest -->
      <class name="com.cognizant.makemytrip1.tests.MMTGiftCardTest">
        <test-method signature="runGiftCardTest_TC1()[pri:1, instance:com.cognizant.makemytrip1.tests.MMTGiftCardTest@10a9d961]" started-at="2025-11-06T21:32:04 IST" name="runGiftCardTest_TC1" finished-at="2025-11-06T21:32:19 IST" duration-ms="14995" status="PASS">
          <reporter-output>
          </reporter-output>
        </test-method> <!-- runGiftCardTest_TC1 -->
        <test-method signature="runGiftCardTest_TC2()[pri:2, instance:com.cognizant.makemytrip1.tests.MMTGiftCardTest@10a9d961]" started-at="2025-11-06T21:32:19 IST" name="runGiftCardTest_TC2" finished-at="2025-11-06T21:32:30 IST" duration-ms="10377" status="PASS">
          <reporter-output>
          </reporter-output>
        </test-method> <!-- runGiftCardTest_TC2 -->
        <test-method signature="runGiftCardTest_TC3()[pri:3, instance:com.cognizant.makemytrip1.tests.MMTGiftCardTest@10a9d961]" started-at="2025-11-06T21:32:30 IST" name="runGiftCardTest_TC3" finished-at="2025-11-06T21:32:38 IST" duration-ms="8698" status="PASS">
          <reporter-output>
          </reporter-output>
        </test-method> <!-- runGiftCardTest_TC3 -->
      </class> <!-- com.cognizant.makemytrip1.tests.MMTGiftCardTest -->
    </test> <!-- Surefire test -->
  </suite> <!-- Surefire suite -->
</testng-results>
