<?xml version="1.0" encoding="UTF-8"?>
<testsuite xmlns:xsi="http://www.w3.org/2001/XMLSchema-instance" xsi:noNamespaceSchemaLocation="https://maven.apache.org/surefire/maven-surefire-plugin/xsd/surefire-test-report.xsd" version="3.0.1" name="TestSuite" time="141.48" tests="7" errors="0" skipped="0" failures="0">
  <properties>
[...]
</properties>
  <testcase name="cabSearch_TC1" classname="com.cognizant.makemytrip1.tests.MMTCarBookingTest" time="33.206">
    <system-out><![CDATA[Browser launched and MakeMyTrip homepage opened.
Lowest fare for row 1: Lowest Cab fare from Delhi to Manali is: Xylo, Ertiga ₹5980
]]></system-out>
  </testcase>
  <testcase name="cabSearch_TC2" classname="com.cognizant.makemytrip1.tests.MMTCarBookingTest" time="24.519">
    <system-out><![CDATA[Lowest fare for row 2: Lowest Cab fare from Mumbai to Pune is: Xylo, Ertiga ₹2818
]]></system-out>
  </testcase>
  <testcase name="cabSearch_TC3" classname="com.cognizant.makemytrip1.tests.MMTCarBookingTest" time="24.147">
    <system-out><![CDATA[Lowest fare for row 3: Lowest Cab fare from Hyderabad to Vizag is: Xylo, Ertiga ₹14009
]]></system-out>
  </testcase>
  <testcase name="runGiftCardTest_TC1" classname="com.cognizant.makemytrip1.tests.MMTGiftCardTest" time="14.971">
    <system-out><![CDATA[Screenshot saved at: C:\Users\2440613\eclipse-workspace\makemytrip1\screenshots\GiftCardError_TC1.png
TC1 Expected: Please enter a valid Email id. | Actual: Please enter a valid Email id. -> PASS
]]></system-out>
  </testcase>
  <testcase name="runGiftCardTest_TC2" classname="com.cognizant.makemytrip1.tests.MMTGiftCardTest" time="10.372">
    <system-out><![CDATA[Screenshot saved at: C:\Users\2440613\eclipse-workspace\makemytrip1\screenshots\GiftCardError_TC2.png
TC2 Expected: Please enter a valid Email id. | Actual: Please enter a valid Email id. -> PASS
]]></system-out>
  </testcase>
  <testcase name="runGiftCardTest_TC3" classname="com.cognizant.makemytrip1.tests.MMTGiftCardTest" time="8.699">
    <system-out><![CDATA[Screenshot saved at: C:\Users\2440613\eclipse-workspace\makemytrip1\screenshots\GiftCardError_TC3.png
TC3 Expected: Please enter a valid Email id. | Actual: Please enter a valid Email id. -> PASS
]]></system-out>
  </testcase>
  <testcase name="hotelBooking_TC1" classname="com.cognizant.makemytrip1.tests.MMTHotelBookingTest" time="7.09">
    <system-out><![CDATA[TC1  Expected: 3 | Actual: 3 → PASS
]]></system-out>
  </testcase>
</testsuite>