<?xml version="1.0" encoding="UTF-8"?>
<!-- Generated by org.testng.reporters.JUnitXMLReporter -->
<testsuite ignored="4" hostname="LTIN679136" failures="0" tests="7" name="Booking Tests" time="94.675" errors="0" timestamp="2025-11-05T23:17:36 IST">
  <testcase classname="com.cognizant.makemytrip1.tests.MMTCarBookingTest" name="cabSearch_TC1" time="20.502"/>
  <testcase classname="com.cognizant.makemytrip1.tests.MMTCarBookingTest" name="cabSearch_TC2" time="19.968"/>
  <testcase classname="com.cognizant.makemytrip1.tests.MMTCarBookingTest" name="cabSearch_TC3" time="19.644"/>
  <testcase classname="com.cognizant.makemytrip1.tests.MMTHotelBookingTest" name="hotelBooking_TC1" time="7.31"/>
  <testcase classname="com.cognizant.makemytrip1.tests.MMTGiftCardTest" name="runGiftCardTest_TC1" time="9.524"/>
  <testcase classname="com.cognizant.makemytrip1.tests.MMTGiftCardTest" name="runGiftCardTest_TC2" time="8.604"/>
  <testcase classname="com.cognizant.makemytrip1.tests.MMTGiftCardTest" name="runGiftCardTest_TC3" time="8.623"/>
  <testcase classname="com.cognizant.makemytrip1.base.Driver" name="@AfterSuite tearDown" time="0.0">
    <ignored/>
  </testcase> <!-- @AfterSuite tearDown -->
  <testcase classname="com.cognizant.makemytrip1.base.Driver" name="@BeforeSuite setupDriver" time="0.0">
    <ignored/>
  </testcase> <!-- @BeforeSuite setupDriver -->
  <testcase classname="com.cognizant.makemytrip1.base.Driver" name="@BeforeSuite setupDriver" time="0.0">
    <ignored/>
  </testcase> <!-- @BeforeSuite setupDriver -->
  <testcase classname="com.cognizant.makemytrip1.base.Driver" name="@AfterSuite tearDown" time="0.0">
    <ignored/>
  </testcase> <!-- @AfterSuite tearDown -->
</testsuite> <!-- Booking Tests -->
