<?xml version="1.0" encoding="UTF-8"?>
<!-- Generated by org.testng.reporters.JUnitReportReporter -->
<testsuite hostname="LTIN679136" failures="0" tests="3" name="com.cognizant.makemytrip1.tests.MMTCarBookingTest" time="60.114" errors="0" timestamp="2025-11-05T23:17:43 IST" skipped="0">
  <testcase classname="com.cognizant.makemytrip1.tests.MMTCarBookingTest" name="cabSearch_TC1" time="20.502"/>
  <testcase classname="com.cognizant.makemytrip1.tests.MMTCarBookingTest" name="cabSearch_TC2" time="19.968"/>
  <testcase classname="com.cognizant.makemytrip1.tests.MMTCarBookingTest" name="cabSearch_TC3" time="19.644"/>
</testsuite> <!-- com.cognizant.makemytrip1.tests.MMTCarBookingTest -->
