<?xml version="1.0" encoding="UTF-8"?>
<!-- Generated by org.testng.reporters.JUnitReportReporter -->
<testsuite hostname="LTIN679136" failures="0" tests="3" name="com.cognizant.makemytrip1.tests.MMTGiftCardTest" time="26.751" errors="0" timestamp="2025-11-05T23:17:43 IST" skipped="0">
  <testcase classname="com.cognizant.makemytrip1.tests.MMTGiftCardTest" name="runGiftCardTest_TC1" time="9.524"/>
  <testcase classname="com.cognizant.makemytrip1.tests.MMTGiftCardTest" name="runGiftCardTest_TC2" time="8.604"/>
  <testcase classname="com.cognizant.makemytrip1.tests.MMTGiftCardTest" name="runGiftCardTest_TC3" time="8.623"/>
</testsuite> <!-- com.cognizant.makemytrip1.tests.MMTGiftCardTest -->
